<?xml version="1.0" encoding="UTF-8"?>
<!-- Generated by org.testng.reporters.JUnitReportReporter -->
<testsuite hostname="dearC" failures="0" tests="1" name="testCase.TestCase1" time="2.323" errors="0" timestamp="07 Nov 2018 07:50:26 GMT" skipped="0">
  <testcase classname="testCase.TestCase1" name="TestCase1" time="2.323"/>
</testsuite> <!-- testCase.TestCase1 -->
