<?xml version="1.0" encoding="UTF-8"?>
<!-- Generated by org.testng.reporters.JUnitReportReporter -->
<testsuite hostname="dearC" failures="0" tests="1" name="testCase.TestCase1" time="9.844" errors="0" timestamp="11 Nov 2018 15:59:44 GMT" skipped="0">
  <testcase classname="testCase.TestCase1" name="testCase1" time="9.844"/>
</testsuite> <!-- testCase.TestCase1 -->
